[DEBUG][Qt] 04.12.2025 00:20:12 [] (unknown:0) - Session start time .......: 20251204_002012
[DEBUG][Qt] 04.12.2025 00:20:12 [] (unknown:0) - Slicer version ...........: 5.10.0 (revision 34045 / a2b6d08) macosx-amd64 - installed release
[DEBUG][Qt] 04.12.2025 00:20:13 [] (unknown:0) - Operating system .........: macOS / 15.3.1 / 24D70 / UTF-8 - 64-bit
[DEBUG][Qt] 04.12.2025 00:20:13 [] (unknown:0) - Memory ...................: 8192 MB physical, 3072 MB virtual
[DEBUG][Qt] 04.12.2025 00:20:13 [] (unknown:0) - CPU ......................:  Apple M2, 8 cores, 8 logical processors
[DEBUG][Qt] 04.12.2025 00:20:13 [] (unknown:0) - VTK configuration ........: OpenGL2 rendering, TBB threading
[DEBUG][Qt] 04.12.2025 00:20:13 [] (unknown:0) - Qt configuration .........: version 5.15.18, with SSL, requested OpenGL 3.2 (core profile)
[DEBUG][Qt] 04.12.2025 00:20:13 [] (unknown:0) - DCMTK configuration ......: version 3.6.8, no SSL
[DEBUG][Qt] 04.12.2025 00:20:13 [] (unknown:0) - Internationalization .....: disabled, language=
[DEBUG][Qt] 04.12.2025 00:20:13 [] (unknown:0) - Developer mode ...........: disabled
[DEBUG][Qt] 04.12.2025 00:20:13 [] (unknown:0) - Application path .........: /Applications/Slicer.app/Contents/MacOS
[DEBUG][Qt] 04.12.2025 00:20:13 [] (unknown:0) - Additional module paths ..: /Users/chaejinhur/Downloads/DAI-Vera-P4b-main/SlicerWorkflowExt-main/DAI_Workflow, /Users/chaejinhur/Downloads/DAI-Vera-P4b-main/SlicerWorkflowExt-main/DAI_Workflow/workflow/
[INFO][Stream] 04.12.2025 00:20:13 [] (unknown:0) -
[INFO][Stream] 04.12.2025 00:20:14 [] (unknown:0) - Warning: Could not initialize workflow UI: name 'force_collapse_left_panel_on_startup' is not defined
[INFO][Stream] 04.12.2025 00:20:14 [] (unknown:0) - Scene save observer has been set up - all scene saves will now be tracked.
[DEBUG][Python] 04.12.2025 00:20:15 [Python] (/Applications/Slicer.app/Contents/lib/Slicer-5.10/qt-scripted-modules/SubjectHierarchyPlugins/AbstractScriptedSubjectHierarchyPlugin.py:40) - Scripted subject hierarchy plugin registered: SegmentEditor
[DEBUG][Python] 04.12.2025 00:20:15 [Python] (/Applications/Slicer.app/Contents/lib/Slicer-5.10/qt-scripted-modules/SubjectHierarchyPlugins/AbstractScriptedSubjectHierarchyPlugin.py:40) - Scripted subject hierarchy plugin registered: SegmentStatistics
[DEBUG][Qt] 04.12.2025 00:20:15 [] (unknown:0) - Switch to module:  "Welcome"
[CRITICAL][FD] 04.12.2025 00:20:15 [] (unknown:0) - 2025-12-04 00:20:15.657 Slicer[14309:687806] +[IMKClient subclass]: chose IMKClient_Modern
[CRITICAL][FD] 04.12.2025 00:20:15 [] (unknown:0) - 2025-12-04 00:20:15.657 Slicer[14309:687806] +[IMKInputSession subclass]: chose IMKInputSession_Modern
[CRITICAL][FD] 04.12.2025 00:20:28 [] (unknown:0) - 2025-12-04 00:20:28.845 Slicer[14309:687806] TSM AdjustCapsLockLEDForKeyTransitionHandling - _ISSetPhysicalKeyboardCapsLockLED Inhibit
[DEBUG][Qt] 04.12.2025 00:20:39 [] (unknown:0) - Switch to module:  "workflow"
[INFO][Stream] 04.12.2025 00:20:39 [] (unknown:0) - Warning: Could not hide dock widgets: 'str' object is not callable
[INFO][Stream] 04.12.2025 00:20:39 [] (unknown:0) - Warning: Could not hide panel-related widgets: 'str' object is not callable
[INFO][Stream] 04.12.2025 00:20:39 [] (unknown:0) - Checking for source file: /Users/chaejinhur/source_slicer.txt
[INFO][Stream] 04.12.2025 00:20:39 [] (unknown:0) - No source_slicer.txt file found in user directory
[WARNING][Qt] 04.12.2025 00:22:11 [] (unknown:0) - Populating font family aliases took 91 ms. Replace uses of missing font family "Courier" with one that exists to avoid this cost.
[DEBUG][Qt] 04.12.2025 00:24:45 [] (unknown:0) - Switch to module:  "SegmentEditor"
[CRITICAL][FD] 04.12.2025 00:24:59 [] (unknown:0) - [14309:252163:1204/002459.468594:ERROR:gl_context_cgl.cc(118)] Error creating context.
[WARNING][Qt] 04.12.2025 00:25:00 [] (unknown:0) - Property 'verbose'' of object 'qSlicerWebPythonProxy' has no notify signal and is not constant, value updates in HTML will be broken!
[WARNING][Qt] 04.12.2025 00:25:00 [] (unknown:0) - Property 'verbose'' of object 'qSlicerWebPythonProxy' has no notify signal and is not constant, value updates in HTML will be broken!
[WARNING][Qt] 04.12.2025 00:25:02 [] (unknown:0) - Mixed Content: The page at 'https://extensions.slicer.org/catalog/All/34045/macosx' was loaded over HTTPS, but requested an insecure image 'http://wiki.slicer.org/slicerWiki/images/f/f6/IntensitySegmenterIcon.png'. This content should also be served over HTTPS.
[CRITICAL][FD] 04.12.2025 00:25:03 [] (unknown:0) - [14309:243715:1204/002503.783217:ERROR:ssl_client_socket_impl.cc(960)] handshake failed; returned -1, SSL error code 1, net_error -101
[CRITICAL][FD] 04.12.2025 00:25:04 [] (unknown:0) - [14309:243715:1204/002504.299256:ERROR:ssl_client_socket_impl.cc(960)] handshake failed; returned -1, SSL error code 1, net_error -101
[WARNING][Qt] 04.12.2025 00:25:58 [] (unknown:0) - Mixed Content: The page at 'https://extensions.slicer.org/view/Sandbox/34045/macosx' was loaded over HTTPS, but requested an insecure image 'http://wiki.slicer.org/slicerWiki/images/f/f6/IntensitySegmenterIcon.png'. This content should also be served over HTTPS.
[CRITICAL][FD] 04.12.2025 00:25:59 [] (unknown:0) - [14309:243715:1204/002559.110839:ERROR:ssl_client_socket_impl.cc(960)] handshake failed; returned -1, SSL error code 1, net_error -101
[DEBUG][Qt] 04.12.2025 00:26:00 [] (unknown:0) - Retrieving extension metadata for Sandbox extension
[DEBUG][Qt] 04.12.2025 00:26:00 [] (unknown:0) - Retrieving Sandbox extension files (extensionId: 6912072bac7b1c95e79378ab)
[DEBUG][Qt] 04.12.2025 00:26:00 [] (unknown:0) - Downloading Sandbox extension (item_id: 6912072bac7b1c95e79378ab, file_id: 6912072cac7b1c95e79378bb)
[DEBUG][Qt] 04.12.2025 00:26:01 [] (unknown:0) - Installed extension Sandbox (6912072bac7b1c95e79378ab) revision 191e9c7
[DEBUG][Qt] 04.12.2025 00:29:11 [] (unknown:0) - Switch to module:  "workflow"
[DEBUG][Qt] 04.12.2025 00:29:14 [] (unknown:0) - Switch to module:  "DICOM"
[CRITICAL][Stream] 04.12.2025 00:29:14 [] (unknown:0) - Database folder does not contain ctkDICOM.sql file: /
[WARNING][Qt] 04.12.2025 00:29:14 [] (unknown:0) - Database folder does not contain ctkDICOM.sql file: /
[WARNING][Qt] 04.12.2025 00:29:14 [] (unknown:0) - Database folder does not contain ctkDICOM.sql file: /
[WARNING][Qt] 04.12.2025 00:29:15 [] (unknown:0) - Database folder does not contain ctkDICOM.sql file: /
[CRITICAL][Stream] 04.12.2025 00:30:08 [] (unknown:0) - Failed to create new database in folder: //ctkDICOM-Database
[WARNING][Python] 04.12.2025 00:30:08 [Python] (/Applications/Slicer.app/Contents/bin/Python/slicer/util.py:3146) - Could not create a DICOM database with default settings. Please create a new database or update the existing incompatible database using options shown in DICOM browser.
[DEBUG][Qt] 04.12.2025 02:13:34 [] (unknown:0) - Switch to module:  ""
