[DEBUG][Qt] 04.12.2025 00:16:07 [] (unknown:0) - Session start time .......: 20251204_001607
[DEBUG][Qt] 04.12.2025 00:16:07 [] (unknown:0) - Slicer version ...........: 5.10.0 (revision 34045 / a2b6d08) macosx-amd64 - installed release
[DEBUG][Qt] 04.12.2025 00:16:07 [] (unknown:0) - Operating system .........: macOS / 15.3.1 / 24D70 / UTF-8 - 64-bit
[DEBUG][Qt] 04.12.2025 00:16:07 [] (unknown:0) - Memory ...................: 8192 MB physical, 3072 MB virtual
[DEBUG][Qt] 04.12.2025 00:16:07 [] (unknown:0) - CPU ......................:  Apple M2, 8 cores, 8 logical processors
[DEBUG][Qt] 04.12.2025 00:16:07 [] (unknown:0) - VTK configuration ........: OpenGL2 rendering, TBB threading
[DEBUG][Qt] 04.12.2025 00:16:07 [] (unknown:0) - Qt configuration .........: version 5.15.18, with SSL, requested OpenGL 3.2 (core profile)
[DEBUG][Qt] 04.12.2025 00:16:07 [] (unknown:0) - DCMTK configuration ......: version 3.6.8, no SSL
[DEBUG][Qt] 04.12.2025 00:16:07 [] (unknown:0) - Internationalization .....: disabled, language=
[DEBUG][Qt] 04.12.2025 00:16:07 [] (unknown:0) - Developer mode ...........: disabled
[DEBUG][Qt] 04.12.2025 00:16:07 [] (unknown:0) - Application path .........: /Applications/Slicer.app/Contents/MacOS
[DEBUG][Qt] 04.12.2025 00:16:07 [] (unknown:0) - Additional module paths ..: (none)
[INFO][Stream] 04.12.2025 00:16:08 [] (unknown:0) -
[CRITICAL][FD] 04.12.2025 00:16:08 [] (unknown:0) - 2025-12-04 00:16:08.936 Slicer[14271:684256] +[IMKClient subclass]: chose IMKClient_Modern
[CRITICAL][FD] 04.12.2025 00:16:08 [] (unknown:0) - 2025-12-04 00:16:08.936 Slicer[14271:684256] +[IMKInputSession subclass]: chose IMKInputSession_Modern
[DEBUG][Python] 04.12.2025 00:16:10 [Python] (/Applications/Slicer.app/Contents/lib/Slicer-5.10/qt-scripted-modules/SubjectHierarchyPlugins/AbstractScriptedSubjectHierarchyPlugin.py:40) - Scripted subject hierarchy plugin registered: SegmentEditor
[DEBUG][Python] 04.12.2025 00:16:10 [Python] (/Applications/Slicer.app/Contents/lib/Slicer-5.10/qt-scripted-modules/SubjectHierarchyPlugins/AbstractScriptedSubjectHierarchyPlugin.py:40) - Scripted subject hierarchy plugin registered: SegmentStatistics
[DEBUG][Qt] 04.12.2025 00:16:10 [] (unknown:0) - Switch to module:  "Welcome"
[CRITICAL][FD] 04.12.2025 00:16:15 [] (unknown:0) - 2025-12-04 00:16:15.209 Slicer[14271:684256] TSM AdjustCapsLockLEDForKeyTransitionHandling - _ISSetPhysicalKeyboardCapsLockLED Inhibit
[WARNING][Qt] 04.12.2025 00:17:36 [] (unknown:0) - Populating font family aliases took 93 ms. Replace uses of missing font family "Courier" with one that exists to avoid this cost.
[DEBUG][Qt] 04.12.2025 00:18:22 [] (unknown:0) - Switch to module:  ""
