[DEBUG][Qt] 04.12.2025 00:18:26 [] (unknown:0) - Session start time .......: 20251204_001826
[DEBUG][Qt] 04.12.2025 00:18:26 [] (unknown:0) - Slicer version ...........: 5.10.0 (revision 34045 / a2b6d08) macosx-amd64 - installed release
[DEBUG][Qt] 04.12.2025 00:18:26 [] (unknown:0) - Operating system .........: macOS / 15.3.1 / 24D70 / UTF-8 - 64-bit
[DEBUG][Qt] 04.12.2025 00:18:26 [] (unknown:0) - Memory ...................: 8192 MB physical, 3072 MB virtual
[DEBUG][Qt] 04.12.2025 00:18:26 [] (unknown:0) - CPU ......................:  Apple M2, 8 cores, 8 logical processors
[DEBUG][Qt] 04.12.2025 00:18:26 [] (unknown:0) - VTK configuration ........: OpenGL2 rendering, TBB threading
[DEBUG][Qt] 04.12.2025 00:18:26 [] (unknown:0) - Qt configuration .........: version 5.15.18, with SSL, requested OpenGL 3.2 (core profile)
[DEBUG][Qt] 04.12.2025 00:18:26 [] (unknown:0) - DCMTK configuration ......: version 3.6.8, no SSL
[DEBUG][Qt] 04.12.2025 00:18:26 [] (unknown:0) - Internationalization .....: disabled, language=
[DEBUG][Qt] 04.12.2025 00:18:26 [] (unknown:0) - Developer mode ...........: disabled
[DEBUG][Qt] 04.12.2025 00:18:26 [] (unknown:0) - Application path .........: /Applications/Slicer.app/Contents/MacOS
[DEBUG][Qt] 04.12.2025 00:18:26 [] (unknown:0) - Additional module paths ..: /Users/chaejinhur/Downloads/DAI-Vera-P4b-main/SlicerWorkflowExt-main/DAI_Workflow
[INFO][Stream] 04.12.2025 00:18:27 [] (unknown:0) -
[DEBUG][Python] 04.12.2025 00:18:28 [Python] (/Applications/Slicer.app/Contents/lib/Slicer-5.10/qt-scripted-modules/SubjectHierarchyPlugins/AbstractScriptedSubjectHierarchyPlugin.py:40) - Scripted subject hierarchy plugin registered: SegmentEditor
[DEBUG][Python] 04.12.2025 00:18:28 [Python] (/Applications/Slicer.app/Contents/lib/Slicer-5.10/qt-scripted-modules/SubjectHierarchyPlugins/AbstractScriptedSubjectHierarchyPlugin.py:40) - Scripted subject hierarchy plugin registered: SegmentStatistics
[DEBUG][Qt] 04.12.2025 00:18:28 [] (unknown:0) - Switch to module:  "Welcome"
[CRITICAL][FD] 04.12.2025 00:18:29 [] (unknown:0) - 2025-12-04 00:18:29.260 Slicer[14286:686227] +[IMKClient subclass]: chose IMKClient_Modern
[CRITICAL][FD] 04.12.2025 00:18:29 [] (unknown:0) - 2025-12-04 00:18:29.260 Slicer[14286:686227] +[IMKInputSession subclass]: chose IMKInputSession_Modern
[CRITICAL][FD] 04.12.2025 00:18:34 [] (unknown:0) - 2025-12-04 00:18:34.376 Slicer[14286:686227] TSM AdjustCapsLockLEDForKeyTransitionHandling - _ISSetPhysicalKeyboardCapsLockLED Inhibit
[WARNING][Qt] 04.12.2025 00:19:34 [] (unknown:0) - Populating font family aliases took 93 ms. Replace uses of missing font family "Courier" with one that exists to avoid this cost.
[DEBUG][Qt] 04.12.2025 00:20:08 [] (unknown:0) - Switch to module:  ""
