[DEBUG][Qt] 04.12.2025 00:12:21 [] (unknown:0) - Session start time .......: 20251204_001221
[DEBUG][Qt] 04.12.2025 00:12:21 [] (unknown:0) - Slicer version ...........: 5.10.0 (revision 34045 / a2b6d08) macosx-amd64 - installed release
[DEBUG][Qt] 04.12.2025 00:12:21 [] (unknown:0) - Operating system .........: macOS / 15.3.1 / 24D70 / UTF-8 - 64-bit
[DEBUG][Qt] 04.12.2025 00:12:21 [] (unknown:0) - Memory ...................: 8192 MB physical, 3072 MB virtual
[DEBUG][Qt] 04.12.2025 00:12:21 [] (unknown:0) - CPU ......................:  Apple M2, 8 cores, 8 logical processors
[DEBUG][Qt] 04.12.2025 00:12:21 [] (unknown:0) - VTK configuration ........: OpenGL2 rendering, TBB threading
[DEBUG][Qt] 04.12.2025 00:12:21 [] (unknown:0) - Qt configuration .........: version 5.15.18, with SSL, requested OpenGL 3.2 (core profile)
[DEBUG][Qt] 04.12.2025 00:12:21 [] (unknown:0) - DCMTK configuration ......: version 3.6.8, no SSL
[DEBUG][Qt] 04.12.2025 00:12:21 [] (unknown:0) - Internationalization .....: disabled, language=
[DEBUG][Qt] 04.12.2025 00:12:21 [] (unknown:0) - Developer mode ...........: disabled
[DEBUG][Qt] 04.12.2025 00:12:21 [] (unknown:0) - Application path .........: /Applications/Slicer.app/Contents/MacOS
[DEBUG][Qt] 04.12.2025 00:12:21 [] (unknown:0) - Additional module paths ..: (none)
[INFO][Stream] 04.12.2025 00:12:22 [] (unknown:0) -
[DEBUG][Python] 04.12.2025 00:12:23 [Python] (/Applications/Slicer.app/Contents/lib/Slicer-5.10/qt-scripted-modules/SubjectHierarchyPlugins/AbstractScriptedSubjectHierarchyPlugin.py:40) - Scripted subject hierarchy plugin registered: SegmentEditor
[DEBUG][Python] 04.12.2025 00:12:23 [Python] (/Applications/Slicer.app/Contents/lib/Slicer-5.10/qt-scripted-modules/SubjectHierarchyPlugins/AbstractScriptedSubjectHierarchyPlugin.py:40) - Scripted subject hierarchy plugin registered: SegmentStatistics
[DEBUG][Qt] 04.12.2025 00:12:23 [] (unknown:0) - Switch to module:  "Welcome"
[CRITICAL][FD] 04.12.2025 00:12:25 [] (unknown:0) - 2025-12-04 00:12:25.183 Slicer[14212:680533] +[IMKClient subclass]: chose IMKClient_Modern
[CRITICAL][FD] 04.12.2025 00:12:25 [] (unknown:0) - 2025-12-04 00:12:25.183 Slicer[14212:680533] +[IMKInputSession subclass]: chose IMKInputSession_Modern
[CRITICAL][FD] 04.12.2025 00:12:35 [] (unknown:0) - 2025-12-04 00:12:35.986 Slicer[14212:680533] TSM AdjustCapsLockLEDForKeyTransitionHandling - _ISSetPhysicalKeyboardCapsLockLED Inhibit
[CRITICAL][FD] 04.12.2025 00:12:45 [] (unknown:0) - [14212:249091:1204/001245.257757:ERROR:gl_context_cgl.cc(118)] Error creating context.
[WARNING][Qt] 04.12.2025 00:12:45 [] (unknown:0) - Property 'verbose'' of object 'qSlicerWebPythonProxy' has no notify signal and is not constant, value updates in HTML will be broken!
[WARNING][Qt] 04.12.2025 00:12:45 [] (unknown:0) - Property 'verbose'' of object 'qSlicerWebPythonProxy' has no notify signal and is not constant, value updates in HTML will be broken!
[WARNING][Qt] 04.12.2025 00:12:48 [] (unknown:0) - Mixed Content: The page at 'https://extensions.slicer.org/catalog/All/34045/macosx' was loaded over HTTPS, but requested an insecure image 'http://wiki.slicer.org/slicerWiki/images/f/f6/IntensitySegmenterIcon.png'. This content should also be served over HTTPS.
[WARNING][Qt] 04.12.2025 00:12:50 [] (unknown:0) - Mixed Content: The page at 'https://extensions.slicer.org/catalog/All/34045/macosx?q=' was loaded over HTTPS, but requested an insecure image 'http://wiki.slicer.org/slicerWiki/images/f/f6/IntensitySegmenterIcon.png'. This content should also be served over HTTPS.
[WARNING][Qt] 04.12.2025 00:15:07 [] (unknown:0) - Populating font family aliases took 87 ms. Replace uses of missing font family "Courier" with one that exists to avoid this cost.
[DEBUG][Qt] 04.12.2025 00:15:54 [] (unknown:0) - Switch to module:  ""
